{"name": "test_add_group[None:name!sF12:header2A',$7+25#Z:footerU%N]", "status": "failed", "statusDetails": {"message": "AssertionError: assert [159:Test_nam...w_footer, ...] == [159:Test_nam...w_footer, ...]\n  Left contains one more item: None:name!sF12:header2A',$7+25#Z:footerU%N\n  Use -v to get the full diff", "trace": "app = <fixture.application.Application object at 0x00000225559B7880>, db = <fixture.db.DbFixture object at 0x00000225559B7910>, json_groups = None:name!sF12:header2A',$7+25#Z:footerU%N, check_ui = False\n\n    def test_add_group(app, db, json_groups, check_ui):\n            group = json_groups\n            old_groups = db.get_group_list()\n            app.group.create(group)\n            new_groups = db.get_group_list()\n            old_groups.append(group)\n>           assert sorted(old_groups, key=Group.id_or_max) == sorted(new_groups, key=Group.id_or_max)\nE           AssertionError: assert [159:Test_nam...w_footer, ...] == [159:Test_nam...w_footer, ...]\nE             Left contains one more item: None:name!sF12:header2A',$7+25#Z:footerU%N\nE             Use -v to get the full diff\n\ntest\\test_add_group.py:11: AssertionError"}, "parameters": [{"name": "json_groups", "value": "None:name!sF12:header2A',$7+25#Z:footerU%N"}], "start": 1618353112398, "stop": 1618353114359, "uuid": "474d68ad-60a0-48bc-adce-325e01909361", "historyId": "c38cea5180f2fd1e5949e082a9417d5a", "testCaseId": "8e9b1d07ef6cdb67de3c4a3d82e10652", "fullName": "test.test_add_group#test_add_group", "labels": [{"name": "parentSuite", "value": "test"}, {"name": "suite", "value": "test_add_group"}, {"name": "host", "value": "DESKTOP-6DEV9MC"}, {"name": "thread", "value": "1692-MainThread"}, {"name": "framework", "value": "pytest"}, {"name": "language", "value": "cpython3"}, {"name": "package", "value": "test.test_add_group"}]}